Removed Pin From Net: NetName=3.3_ESP Pin=C1-2
Removed Pin From Net: NetName=3.3_ESP Pin=U1-2
Change Component Designator: OldDesignator=C2 NewDesignator=C3
Change Component Designator: OldDesignator=C3 NewDesignator=C4
Change Component Designator: OldDesignator=C4 NewDesignator=C5
Change Component Designator: OldDesignator=C5 NewDesignator=C6
Change Component Designator: OldDesignator=C6 NewDesignator=C7
Change Component Designator: OldDesignator=C7 NewDesignator=C8
Change Component Designator: OldDesignator=C8 NewDesignator=C9
Change Component Designator: OldDesignator=C9 NewDesignator=C10
Change Component Designator: OldDesignator=C10 NewDesignator=C11
Change Component Designator: OldDesignator=C11 NewDesignator=C12
Change Component Designator: OldDesignator=C12 NewDesignator=C13
Change Component Designator: OldDesignator=C13 NewDesignator=C14
Change Component Designator: OldDesignator=C14 NewDesignator=C15
Change Component Designator: OldDesignator=C15 NewDesignator=C16
Change Component Designator: OldDesignator=C16 NewDesignator=C17
Change Component Designator: OldDesignator=C17 NewDesignator=C18
Change Component Designator: OldDesignator=C18 NewDesignator=C19
Change Component Designator: OldDesignator=C19 NewDesignator=C20
Change Component Designator: OldDesignator=C20 NewDesignator=C21
Change Component Designator: OldDesignator=C21 NewDesignator=C22
Change Component Designator: OldDesignator=C22 NewDesignator=C23
Change Component Designator: OldDesignator=C23 NewDesignator=C24
Change Component Designator: OldDesignator=C24 NewDesignator=C25
Change Component Designator: OldDesignator=D1 NewDesignator=D3
Change Component Designator: OldDesignator=D2 NewDesignator=D4
Change Component Designator: OldDesignator=D3 NewDesignator=D5
Change Component Designator: OldDesignator=D4 NewDesignator=D6
Change Component Designator: OldDesignator=D5 NewDesignator=D7
Change Component Designator: OldDesignator=D6 NewDesignator=D8
Change Component Designator: OldDesignator=D7 NewDesignator=D9
Change Component Designator: OldDesignator=D8 NewDesignator=D10
Change Component Designator: OldDesignator=D9 NewDesignator=D11
Change Component Designator: OldDesignator=D10 NewDesignator=D12
Change Component Designator: OldDesignator=D11 NewDesignator=D13
Change Component Designator: OldDesignator=D12 NewDesignator=D14
Change Component Designator: OldDesignator=D13 NewDesignator=D15
Change Component Designator: OldDesignator=D14 NewDesignator=D16
Change Component Designator: OldDesignator=D15 NewDesignator=D17
Change Component Designator: OldDesignator=D16 NewDesignator=D18
Change Component Designator: OldDesignator=D17 NewDesignator=D19
Change Component Designator: OldDesignator=D18 NewDesignator=D20
Change Component Designator: OldDesignator=R1 NewDesignator=R2
Change Component Designator: OldDesignator=R2 NewDesignator=R3
Change Component Designator: OldDesignator=R3 NewDesignator=R4
Change Component Designator: OldDesignator=R4 NewDesignator=R5
Change Component Designator: OldDesignator=R5 NewDesignator=R6
Change Component Designator: OldDesignator=R6 NewDesignator=R7
Change Component Designator: OldDesignator=R7 NewDesignator=R8
Change Component Designator: OldDesignator=R8 NewDesignator=R9
Change Component Designator: OldDesignator=R9 NewDesignator=R10
Change Component Designator: OldDesignator=R10 NewDesignator=R11
Change Component Designator: OldDesignator=R11 NewDesignator=R12
Change Component Designator: OldDesignator=R12 NewDesignator=R13
Change Component Designator: OldDesignator=R13 NewDesignator=R14
Change Component Designator: OldDesignator=R14 NewDesignator=R15
Change Component Designator: OldDesignator=R15 NewDesignator=R16
Change Component Designator: OldDesignator=R16 NewDesignator=R17
Change Component Designator: OldDesignator=R17 NewDesignator=R18
Change Component Designator: OldDesignator=R18 NewDesignator=R19
Change Component Designator: OldDesignator=R19 NewDesignator=R20
Change Component Designator: OldDesignator=R20 NewDesignator=R21
Change Component Designator: OldDesignator=R21 NewDesignator=R22
Change Component Designator: OldDesignator=R22 NewDesignator=R23
Change Component Designator: OldDesignator=R23 NewDesignator=R24
Change Component Designator: OldDesignator=R24 NewDesignator=R25
Change Component Designator: OldDesignator=R25 NewDesignator=R26
Change Component Designator: OldDesignator=R26 NewDesignator=R27
Change Component Designator: OldDesignator=R27 NewDesignator=R28
Change Component Designator: OldDesignator=R28 NewDesignator=R29
Change Component Designator: OldDesignator=R29 NewDesignator=R30
Change Component Designator: OldDesignator=R30 NewDesignator=R31
Change Component Designator: OldDesignator=R31 NewDesignator=R32
Change Component Designator: OldDesignator=R32 NewDesignator=R33
Change Component Designator: OldDesignator=R33 NewDesignator=R34
Change Component Designator: OldDesignator=R34 NewDesignator=R35
Change Component Designator: OldDesignator=R35 NewDesignator=R36
Change Component Designator: OldDesignator=R36 NewDesignator=R37
Change Component Designator: OldDesignator=REG1 NewDesignator=REG2
Change Component Designator: OldDesignator=REG2 NewDesignator=REG3
Added Component: Designator=C2(SMD 805 CAP)
Added Component: Designator=D1(MiniMelf)
Add component (AddParameter): Name = "Availability"; Value = "Unavailable"; VariantName = "[No Variations]"
Add component (AddParameter): Name = "MF"; Value = ""; VariantName = "[No Variations]"
Add component (AddParameter): Name = "MP"; Value = "ZM4736A_L0"; VariantName = "[No Variations]"
Add component (AddParameter): Name = "Package"; Value = "None"; VariantName = "[No Variations]"
Add component (AddParameter): Name = "Price"; Value = "None"; VariantName = "[No Variations]"
Add component (AddParameter): Name = "Value"; Value = ""; VariantName = "[No Variations]"
Added Component: Designator=D2(LED_0805)
Added Component: Designator=R1(SMD 805)
Added Component: Designator=REG1(MY_LD1117-3.3)
Added Pin To Net: NetName=GND_ESP Pin=C2-1
Added Pin To Net: NetName=GND_ESP Pin=D1-1
Added Pin To Net: NetName=GND_ESP Pin=D2-1
Add Pin To Net: Unknown Pin: Pin J1-C/D
Added Pin To Net: NetName=GND_ESP Pin=REG1-1
Added Pin To Net: NetName=5V_Isolated Pin=REG1-3
Change Net Name : Old Net Name=NetC19_2 New Net Name=NetC20_2
Change Net Name : Old Net Name=NetC20_1 New Net Name=NetC21_1
Change Net Name : Old Net Name=NetC21_1 New Net Name=NetC22_1
Change Net Name : Old Net Name=NetC22_1 New Net Name=NetC23_1
Change Net Name : Old Net Name=NetD3_2 New Net Name=NetD5_2
Change Net Name : Old Net Name=NetD5_2 New Net Name=NetD7_2
Change Net Name : Old Net Name=NetD7_2 New Net Name=NetD9_2
Change Net Name : Old Net Name=NetD8_2 New Net Name=NetD10_2
Change Net Name : Old Net Name=NetD17_1 New Net Name=NetD19_1
Change Net Name : Old Net Name=NetD18_1 New Net Name=NetD20_1
Change Net Name : Old Net Name=NetR8_1 New Net Name=NetR9_1
Change Net Name : Old Net Name=NetR12_1 New Net Name=NetR13_1
Change Net Name : Old Net Name=NetR16_1 New Net Name=NetR17_1
Change Net Name : Old Net Name=NetR18_2 New Net Name=NetR19_2
Change Net Name : Old Net Name=NetR19_2 New Net Name=NetR20_2
Change Net Name : Old Net Name=NetR20_2 New Net Name=NetR21_2
Change Net Name : Old Net Name=NetR22_2 New Net Name=NetR23_2
Change Net Name : Old Net Name=NetR23_1 New Net Name=NetR24_1
Change Net Name : Old Net Name=NetR26_1 New Net Name=NetR27_1
Change Net Name : Old Net Name=NetR29_1 New Net Name=NetR30_1
Change Net Name : Old Net Name=NetR35_1 New Net Name=NetR36_1
Added Pin To Net: NetName=3.3_Just_ESP Pin=C1-2
Added Pin To Net: NetName=3.3_Just_ESP Pin=C2-2
Added Pin To Net: NetName=3.3_Just_ESP Pin=D1-2
Added Pin To Net: NetName=3.3_Just_ESP Pin=R1-2
Added Pin To Net: NetName=3.3_Just_ESP Pin=REG1-2
Added Pin To Net: NetName=3.3_Just_ESP Pin=REG1-4
Added Pin To Net: NetName=3.3_Just_ESP Pin=U1-2
Added Net: Name=3.3_Just_ESP
Added Pin To Net: NetName=NetD2_2 Pin=D2-2
Added Pin To Net: NetName=NetD2_2 Pin=R1-1
Added Net: Name=NetD2_2
Added Member To Class: ClassName=kamal_schematic Member=Component C2 1uF
Added Member To Class: ClassName=kamal_schematic Member=Component C3 1uF
Added Member To Class: ClassName=kamal_schematic Member=Component C4 47uF-25V-5mm
Added Member To Class: ClassName=kamal_schematic Member=Component C5 1uF
Added Member To Class: ClassName=kamal_schematic Member=Component C6 47uF-25V-5mm
Added Member To Class: ClassName=kamal_schematic Member=Component C8 1uF
Added Member To Class: ClassName=kamal_schematic Member=Component C9 22uF
Added Member To Class: ClassName=kamal_schematic Member=Component C10 0.1uF
Added Member To Class: ClassName=kamal_schematic Member=Component C11 0.1uF
Added Member To Class: ClassName=kamal_schematic Member=Component C13 1uF
Added Member To Class: ClassName=kamal_schematic Member=Component C15 1uF
Added Member To Class: ClassName=kamal_schematic Member=Component C16 47uF-25V-5mm
Added Member To Class: ClassName=kamal_schematic Member=Component C17 1uF
Added Member To Class: ClassName=kamal_schematic Member=Component C19 1uF
Added Member To Class: ClassName=kamal_schematic Member=Component C20 22pF
Added Member To Class: ClassName=kamal_schematic Member=Component C21 100nF
Added Member To Class: ClassName=kamal_schematic Member=Component C22 22pF
Added Member To Class: ClassName=kamal_schematic Member=Component C23 100nF
Added Member To Class: ClassName=kamal_schematic Member=Component C24 10uF
Added Member To Class: ClassName=kamal_schematic Member=Component C25 1uF
Added Member To Class: ClassName=kamal_schematic Member=Component D1 Zener_MinMelf 5.6V
Added Member To Class: ClassName=kamal_schematic Member=Component D2 LED_SMD_0805
Added Member To Class: ClassName=kamal_schematic Member=Component D3 Zener_MinMelf 5.6V
Added Member To Class: ClassName=kamal_schematic Member=Component D4 Zener_MinMelf 13V
Added Member To Class: ClassName=kamal_schematic Member=Component D5 LED_SMD_0805
Added Member To Class: ClassName=kamal_schematic Member=Component D7 LED_SMD_0805
Added Member To Class: ClassName=kamal_schematic Member=Component D8 Zener_MinMelf 5.6V
Added Member To Class: ClassName=kamal_schematic Member=Component D11 P6KE15A
Added Member To Class: ClassName=kamal_schematic Member=Component D12 P6KE15A
Added Member To Class: ClassName=kamal_schematic Member=Component D14 P6KE15A
Added Member To Class: ClassName=kamal_schematic Member=Component D15 P6KE15A
Added Member To Class: ClassName=kamal_schematic Member=Component D16 P6KE15A
Added Member To Class: ClassName=kamal_schematic Member=Component D19 LED_SMD_0805
Added Member To Class: ClassName=kamal_schematic Member=Component D20 LED_SMD_0805
Added Member To Class: ClassName=kamal_schematic Member=Component R1 1k
Added Member To Class: ClassName=kamal_schematic Member=Component R2 1k
Added Member To Class: ClassName=kamal_schematic Member=Component R3 1k
Added Member To Class: ClassName=kamal_schematic Member=Component R4 1.8k
Added Member To Class: ClassName=kamal_schematic Member=Component R6 10k
Added Member To Class: ClassName=kamal_schematic Member=Component R8 470
Added Member To Class: ClassName=kamal_schematic Member=Component R9 220
Added Member To Class: ClassName=kamal_schematic Member=Component R10 330
Added Member To Class: ClassName=kamal_schematic Member=Component R11 0
Added Member To Class: ClassName=kamal_schematic Member=Component R13 220
Added Member To Class: ClassName=kamal_schematic Member=Component R14 330
Added Member To Class: ClassName=kamal_schematic Member=Component R15 0
Added Member To Class: ClassName=kamal_schematic Member=Component R16 470
Added Member To Class: ClassName=kamal_schematic Member=Component R17 220
Added Member To Class: ClassName=kamal_schematic Member=Component R19 3.3K
Added Member To Class: ClassName=kamal_schematic Member=Component R20 3.3K
Added Member To Class: ClassName=kamal_schematic Member=Component R23 3.3K
Added Member To Class: ClassName=kamal_schematic Member=Component R25 330
Added Member To Class: ClassName=kamal_schematic Member=Component R26 470
Added Member To Class: ClassName=kamal_schematic Member=Component R27 220
Added Member To Class: ClassName=kamal_schematic Member=Component R28 330
Added Member To Class: ClassName=kamal_schematic Member=Component R29 470
Added Member To Class: ClassName=kamal_schematic Member=Component R31 Resistor SMD 0603
Added Member To Class: ClassName=kamal_schematic Member=Component R32 330
Added Member To Class: ClassName=kamal_schematic Member=Component R33 Resistor SMD 0603
Added Member To Class: ClassName=kamal_schematic Member=Component R34 Resistor SMD 0603
Added Member To Class: ClassName=kamal_schematic Member=Component R35 470
Added Member To Class: ClassName=kamal_schematic Member=Component R36 220
Added Member To Class: ClassName=kamal_schematic Member=Component R37 330
Added Member To Class: ClassName=kamal_schematic Member=Component REG1 LD1117 3.3
Added Member To Class: ClassName=kamal_schematic Member=Component REG2 LD1117 3.3
Added Member To Class: ClassName=kamal_schematic Member=Component REG3 LD1117 5.0V
