Removed Pin From Net: NetName=GND_ESP Pin=D2-1
Removed Pin From Net: NetName=3.3_Just_ESP Pin=R1-2
Change Component Designator: OldDesignator=D3 NewDesignator=D2
Change Component Designator: OldDesignator=D4 NewDesignator=D3
Change Component Designator: OldDesignator=D5 NewDesignator=D4
Change Component Designator: OldDesignator=D6 NewDesignator=D5
Change Component Designator: OldDesignator=D7 NewDesignator=D6
Change Component Designator: OldDesignator=D8 NewDesignator=D7
Change Component Designator: OldDesignator=D9 NewDesignator=D8
Change Component Designator: OldDesignator=D10 NewDesignator=D9
Change Component Designator: OldDesignator=D11 NewDesignator=D10
Change Component Designator: OldDesignator=D12 NewDesignator=D11
Change Component Designator: OldDesignator=D13 NewDesignator=D12
Change Component Designator: OldDesignator=D14 NewDesignator=D13
Change Component Designator: OldDesignator=D15 NewDesignator=D14
Change Component Designator: OldDesignator=D16 NewDesignator=D15
Change Component Designator: OldDesignator=D17 NewDesignator=D16
Change Component Designator: OldDesignator=D18 NewDesignator=D17
Change Component Designator: OldDesignator=D19 NewDesignator=D18
Change Component Designator: OldDesignator=D20 NewDesignator=D19
Change Component Designator: OldDesignator=R2 NewDesignator=R1
Change Component Designator: OldDesignator=R3 NewDesignator=R2
Change Component Designator: OldDesignator=R4 NewDesignator=R3
Change Component Designator: OldDesignator=R5 NewDesignator=R4
Change Component Designator: OldDesignator=R6 NewDesignator=R5
Change Component Designator: OldDesignator=R7 NewDesignator=R6
Change Component Designator: OldDesignator=R8 NewDesignator=R7
Change Component Designator: OldDesignator=R9 NewDesignator=R8
Change Component Designator: OldDesignator=R10 NewDesignator=R9
Change Component Designator: OldDesignator=R11 NewDesignator=R10
Change Component Designator: OldDesignator=R12 NewDesignator=R11
Change Component Designator: OldDesignator=R13 NewDesignator=R12
Change Component Designator: OldDesignator=R14 NewDesignator=R13
Change Component Designator: OldDesignator=R15 NewDesignator=R14
Change Component Designator: OldDesignator=R16 NewDesignator=R15
Change Component Designator: OldDesignator=R17 NewDesignator=R16
Change Component Designator: OldDesignator=R18 NewDesignator=R17
Change Component Designator: OldDesignator=R19 NewDesignator=R18
Change Component Designator: OldDesignator=R20 NewDesignator=R19
Change Component Designator: OldDesignator=R21 NewDesignator=R20
Change Component Designator: OldDesignator=R22 NewDesignator=R21
Change Component Designator: OldDesignator=R23 NewDesignator=R22
Change Component Designator: OldDesignator=R24 NewDesignator=R23
Change Component Designator: OldDesignator=R25 NewDesignator=R24
Change Component Designator: OldDesignator=R26 NewDesignator=R25
Change Component Designator: OldDesignator=R27 NewDesignator=R26
Change Component Designator: OldDesignator=R28 NewDesignator=R27
Change Component Designator: OldDesignator=R29 NewDesignator=R28
Change Component Designator: OldDesignator=R30 NewDesignator=R29
Change Component Designator: OldDesignator=R31 NewDesignator=R30
Change Component Designator: OldDesignator=R32 NewDesignator=R31
Change Component Designator: OldDesignator=R33 NewDesignator=R32
Change Component Designator: OldDesignator=R34 NewDesignator=R33
Change Component Designator: OldDesignator=R35 NewDesignator=R34
Change Component Designator: OldDesignator=R36 NewDesignator=R35
Change Component Designator: OldDesignator=R37 NewDesignator=R36
Add Pin To Net: Unknown Pin: Pin J1-C/D
Add Pin To Net: Unknown Pin: Pin U1-39_10
Add Pin To Net: Unknown Pin: Pin U1-39_11
Add Pin To Net: Unknown Pin: Pin U1-39_12
Add Pin To Net: Unknown Pin: Pin U1-39_13
Add Pin To Net: Unknown Pin: Pin U1-39_15
Add Pin To Net: Unknown Pin: Pin U1-39_17
Change Net Name : Old Net Name=NetD5_2 New Net Name=NetD4_2
Change Net Name : Old Net Name=NetD7_2 New Net Name=NetD6_2
Change Net Name : Old Net Name=NetD9_2 New Net Name=NetD8_2
Change Net Name : Old Net Name=NetD10_2 New Net Name=NetD9_2
Change Net Name : Old Net Name=NetD19_1 New Net Name=NetD18_1
Change Net Name : Old Net Name=NetD20_1 New Net Name=NetD19_1
Change Net Name : Old Net Name=NetR9_1 New Net Name=NetR8_1
Change Net Name : Old Net Name=NetR13_1 New Net Name=NetR12_1
Change Net Name : Old Net Name=NetR17_1 New Net Name=NetR16_1
Change Net Name : Old Net Name=NetR19_2 New Net Name=NetR18_2
Change Net Name : Old Net Name=NetR20_2 New Net Name=NetR19_2
Change Net Name : Old Net Name=NetR21_2 New Net Name=NetR20_2
Change Net Name : Old Net Name=NetR23_2 New Net Name=NetR22_2
Change Net Name : Old Net Name=NetR24_1 New Net Name=NetR23_1
Change Net Name : Old Net Name=NetR27_1 New Net Name=NetR26_1
Change Net Name : Old Net Name=NetR30_1 New Net Name=NetR29_1
Change Net Name : Old Net Name=NetR36_1 New Net Name=NetR35_1
Added Member To Class: ClassName=kamal_schematic Member=Component C2 1uF
Added Member To Class: ClassName=kamal_schematic Member=Component C3 1uF
Added Member To Class: ClassName=kamal_schematic Member=Component C4 47uF-25V-5mm
Added Member To Class: ClassName=kamal_schematic Member=Component C5 1uF
Added Member To Class: ClassName=kamal_schematic Member=Component C6 47uF-25V-5mm
Added Member To Class: ClassName=kamal_schematic Member=Component C8 1uF
Added Member To Class: ClassName=kamal_schematic Member=Component C9 22uF
Added Member To Class: ClassName=kamal_schematic Member=Component C10 0.1uF
Added Member To Class: ClassName=kamal_schematic Member=Component C11 0.1uF
Added Member To Class: ClassName=kamal_schematic Member=Component C13 1uF
Added Member To Class: ClassName=kamal_schematic Member=Component C15 1uF
Added Member To Class: ClassName=kamal_schematic Member=Component C16 47uF-25V-5mm
Added Member To Class: ClassName=kamal_schematic Member=Component C17 1uF
Added Member To Class: ClassName=kamal_schematic Member=Component C19 1uF
Added Member To Class: ClassName=kamal_schematic Member=Component C20 22pF
Added Member To Class: ClassName=kamal_schematic Member=Component C21 100nF
Added Member To Class: ClassName=kamal_schematic Member=Component C22 22pF
Added Member To Class: ClassName=kamal_schematic Member=Component C23 100nF
Added Member To Class: ClassName=kamal_schematic Member=Component C24 10uF
Added Member To Class: ClassName=kamal_schematic Member=Component D1 Zener_MinMelf 5.6V
Added Member To Class: ClassName=kamal_schematic Member=Component D2 Zener_MinMelf 5.6V
Added Member To Class: ClassName=kamal_schematic Member=Component D3 Zener_MinMelf 13V
Added Member To Class: ClassName=kamal_schematic Member=Component D4 LED_SMD_0805
Added Member To Class: ClassName=kamal_schematic Member=Component D6 LED_SMD_0805
Added Member To Class: ClassName=kamal_schematic Member=Component D7 Zener_MinMelf 5.6V
Added Member To Class: ClassName=kamal_schematic Member=Component D10 P6KE15A
Added Member To Class: ClassName=kamal_schematic Member=Component D11 P6KE15A
Added Member To Class: ClassName=kamal_schematic Member=Component D13 P6KE15A
Added Member To Class: ClassName=kamal_schematic Member=Component D14 P6KE15A
Added Member To Class: ClassName=kamal_schematic Member=Component D15 P6KE15A
Added Member To Class: ClassName=kamal_schematic Member=Component R1 1k
Added Member To Class: ClassName=kamal_schematic Member=Component R2 1k
Added Member To Class: ClassName=kamal_schematic Member=Component R3 1.8k
Added Member To Class: ClassName=kamal_schematic Member=Component R5 10k
Added Member To Class: ClassName=kamal_schematic Member=Component R7 470
Added Member To Class: ClassName=kamal_schematic Member=Component R8 220
Added Member To Class: ClassName=kamal_schematic Member=Component R9 330
Added Member To Class: ClassName=kamal_schematic Member=Component R10 0
Added Member To Class: ClassName=kamal_schematic Member=Component R12 220
Added Member To Class: ClassName=kamal_schematic Member=Component R13 330
Added Member To Class: ClassName=kamal_schematic Member=Component R14 0
Added Member To Class: ClassName=kamal_schematic Member=Component R15 470
Added Member To Class: ClassName=kamal_schematic Member=Component R16 220
Added Member To Class: ClassName=kamal_schematic Member=Component R18 3.3K
Added Member To Class: ClassName=kamal_schematic Member=Component R19 3.3K
Added Member To Class: ClassName=kamal_schematic Member=Component R21 470
Added Member To Class: ClassName=kamal_schematic Member=Component R22 3.3K
Added Member To Class: ClassName=kamal_schematic Member=Component R24 330
Added Member To Class: ClassName=kamal_schematic Member=Component R25 470
Added Member To Class: ClassName=kamal_schematic Member=Component R26 220
Added Member To Class: ClassName=kamal_schematic Member=Component R27 330
Added Member To Class: ClassName=kamal_schematic Member=Component R28 470
Added Member To Class: ClassName=kamal_schematic Member=Component R30 Resistor SMD 0603
Added Member To Class: ClassName=kamal_schematic Member=Component R31 330
Added Member To Class: ClassName=kamal_schematic Member=Component R32 Resistor SMD 0603
Added Member To Class: ClassName=kamal_schematic Member=Component R33 Resistor SMD 0603
Added Member To Class: ClassName=kamal_schematic Member=Component R34 470
Added Member To Class: ClassName=kamal_schematic Member=Component R35 220
Added Member To Class: ClassName=kamal_schematic Member=Component REG1 LD1117 3.3
Added Member To Class: ClassName=kamal_schematic Member=Component REG2 LD1117 3.3
