Change Component Designator: Old Designator=J2 New Designator=J1
Change Component Designator: Old Designator=J3 New Designator=J2
Change Component Designator: Old Designator=P1 New Designator=P2
Change Component Designator: Old Designator=P2 New Designator=P3
Change Component Designator: Old Designator=P3 New Designator=P4
Change Component Designator: Old Designator=P4 New Designator=P5
Change Component Designator: Old Designator=P5 New Designator=P6
Change Component Designator: Old Designator=P6 New Designator=P7
Change Component Designator: Old Designator=P7 New Designator=P8
Change Component Designator: Old Designator=P8 New Designator=P9
Change Component Designator: Old Designator=P? New Designator=P1
Change Component Designator: Old Designator=P? New Designator=P10
Change Component Designator: Old Designator=U2 New Designator=U3
Change Component Designator: Old Designator=U3 New Designator=U4
Change Component Designator: Old Designator=U4 New Designator=U5
Change Component Designator: Old Designator=U5 New Designator=U6
Change Component Designator: Old Designator=U6 New Designator=U7
Change Component Designator: Old Designator=U7 New Designator=U8
Change Component Designator: Old Designator=U8 New Designator=U9
Change Component Designator: Old Designator=U9 New Designator=U10
Change Component Designator: Old Designator=U10 New Designator=U11
Change Component Designator: Old Designator=U? New Designator=U2
