Removed Pin From Net: NetName=+12 Pin=J1-1
Removed Pin From Net: NetName=+12 Pin=J1-1
Removed Pin From Net: NetName=+12 Pin=J1-1
Removed Pin From Net: NetName=+12 Pin=J1-1
Removed Pin From Net: NetName=+12 Pin=J1-1
Removed Pin From Net: NetName=+12 Pin=J1-1
Removed Pin From Net: NetName=+12 Pin=J1-1
Removed Pin From Net: NetName=GND_MOTOR Pin=J1-2
Removed Pin From Net: NetName=GND_MOTOR Pin=J1-2
Removed Pin From Net: NetName=GND_MOTOR Pin=J1-2
Removed Pin From Net: NetName=GND_MOTOR Pin=J1-2
Removed Pin From Net: NetName=GND_MOTOR Pin=J1-2
Removed Pin From Net: NetName=GND_MOTOR Pin=J1-3
Removed Pin From Net: NetName=GND_MOTOR Pin=J1-3
Removed Pin From Net: NetName=GND_MOTOR Pin=J1-3
Removed Pin From Net: NetName=GND_MOTOR Pin=J1-3
Removed Pin From Net: NetName=GND_MOTOR Pin=J1-3
Removed Pin From Net: NetName=GND_MOTOR Pin=J4-1
Removed Pin From Net: NetName=PWM_Servo Pin=J4-2
Removed Member From Class: ClassName=kamal_schematic Member=J3
Removed Member From Class: ClassName=kamal_schematic Member=J4
Change Component Designator: OldDesignator=J2 NewDesignator=J1
Change Component Designator: OldDesignator=J3 NewDesignator=J2
Change Component Designator: OldDesignator=P1 NewDesignator=P2
Change Component Designator: OldDesignator=P2 NewDesignator=P3
Change Component Designator: OldDesignator=P3 NewDesignator=P4
Change Component Designator: OldDesignator=P4 NewDesignator=P5
Change Component Designator: OldDesignator=P5 NewDesignator=P6
Change Component Designator: OldDesignator=P6 NewDesignator=P7
Change Component Designator: OldDesignator=P7 NewDesignator=P8
Change Component Designator: OldDesignator=P8 NewDesignator=P9
Change Component Designator: OldDesignator=U2 NewDesignator=U3
Change Component Designator: OldDesignator=U3 NewDesignator=U4
Change Component Designator: OldDesignator=U4 NewDesignator=U5
Change Component Designator: OldDesignator=U5 NewDesignator=U6
Change Component Designator: OldDesignator=U6 NewDesignator=U7
Change Component Designator: OldDesignator=U7 NewDesignator=U8
Change Component Designator: OldDesignator=U8 NewDesignator=U9
Change Component Designator: OldDesignator=U9 NewDesignator=U10
Change Component Designator: OldDesignator=U10 NewDesignator=U11
Added Component: Designator=P1(691321300002)
Add component (AddParameter): Name = "Application"; Value = "Pluggable"; VariantName = "[No Variations]"
Add component (AddParameter): Name = "Category"; Value = "Terminal Blocks"; VariantName = "[No Variations]"
Add component (AddParameter): Name = "ComponentLink1Description"; Value = "Website Link"; VariantName = "[No Variations]"
Add component (AddParameter): Name = "ComponentLink1URL"; Value = "https://www.we-online.com/redexpert/article/691321300002?ad"; VariantName = "[No Variations]"
Add component (AddParameter): Name = "ComponentLink2Description"; Value = "Datasheet Link"; VariantName = "[No Variations]"
Add component (AddParameter): Name = "ComponentLink2URL"; Value = "https://www.we-online.com/redexpert/spec/691321300002?ad"; VariantName = "[No Variations]"
Add component (AddParameter): Name = "Manufacturer"; Value = "Wurth Elektronik"; VariantName = "[No Variations]"
Add component (AddParameter): Name = "Manufacturer Part Number"; Value = "691321300002"; VariantName = "[No Variations]"
Add component (AddParameter): Name = "Match Code"; Value = "WR-TBL"; VariantName = "[No Variations]"
Add component (AddParameter): Name = "Modularity"; Value = "No"; VariantName = "[No Variations]"
Add component (AddParameter): Name = "Mount"; Value = "Through Hole"; VariantName = "[No Variations]"
Add component (AddParameter): Name = "Number of Pins"; Value = "2"; VariantName = "[No Variations]"
Add component (AddParameter): Name = "Number of Rows"; Value = "1"; VariantName = "[No Variations]"
Add component (AddParameter): Name = "Operating Temperature Max"; Value = "105°C"; VariantName = "[No Variations]"
Add component (AddParameter): Name = "Operating Temperature Min"; Value = "-40°C"; VariantName = "[No Variations]"
Add component (AddParameter): Name = "Orientation"; Value = "Vertical"; VariantName = "[No Variations]"
Add component (AddParameter): Name = "Packaging"; Value = "Box"; VariantName = "[No Variations]"
Add component (AddParameter): Name = "Pitch"; Value = "3.81mm"; VariantName = "[No Variations]"
Add component (AddParameter): Name = "Rated Current"; Value = "10A"; VariantName = "[No Variations]"
Add component (AddParameter): Name = "Working Voltage"; Value = "300V"; VariantName = "[No Variations]"
Added Component: Designator=P10(691321300003)
Add component (AddParameter): Name = "Application"; Value = "Pluggable"; VariantName = "[No Variations]"
Add component (AddParameter): Name = "Category"; Value = "Terminal Blocks"; VariantName = "[No Variations]"
Add component (AddParameter): Name = "ComponentLink1Description"; Value = "Website Link"; VariantName = "[No Variations]"
Add component (AddParameter): Name = "ComponentLink1URL"; Value = "https://www.we-online.com/redexpert/article/691321300003?ad"; VariantName = "[No Variations]"
Add component (AddParameter): Name = "ComponentLink2Description"; Value = "Datasheet Link"; VariantName = "[No Variations]"
Add component (AddParameter): Name = "ComponentLink2URL"; Value = "https://www.we-online.com/redexpert/spec/691321300003?ad"; VariantName = "[No Variations]"
Add component (AddParameter): Name = "Manufacturer"; Value = "Wurth Elektronik"; VariantName = "[No Variations]"
Add component (AddParameter): Name = "Manufacturer Part Number"; Value = "691321300003"; VariantName = "[No Variations]"
Add component (AddParameter): Name = "Match Code"; Value = "WR-TBL"; VariantName = "[No Variations]"
Add component (AddParameter): Name = "Modularity"; Value = "No"; VariantName = "[No Variations]"
Add component (AddParameter): Name = "Mount"; Value = "Through Hole"; VariantName = "[No Variations]"
Add component (AddParameter): Name = "Number of Pins"; Value = "3"; VariantName = "[No Variations]"
Add component (AddParameter): Name = "Number of Rows"; Value = "1"; VariantName = "[No Variations]"
Add component (AddParameter): Name = "Operating Temperature Max"; Value = "105°C"; VariantName = "[No Variations]"
Add component (AddParameter): Name = "Operating Temperature Min"; Value = "-40°C"; VariantName = "[No Variations]"
Add component (AddParameter): Name = "Orientation"; Value = "Vertical"; VariantName = "[No Variations]"
Add component (AddParameter): Name = "Packaging"; Value = "Box"; VariantName = "[No Variations]"
Add component (AddParameter): Name = "Pitch"; Value = "3.81mm"; VariantName = "[No Variations]"
Add component (AddParameter): Name = "Rated Current"; Value = "10A"; VariantName = "[No Variations]"
Add component (AddParameter): Name = "Working Voltage"; Value = "300V"; VariantName = "[No Variations]"
Added Component: Designator=U2(MP1584)
Add Pin To Net: Unknown Pin: Pin J1-C/D
Added Pin To Net: NetName=GND_MOTOR Pin=P1-1
Added Pin To Net: NetName=+12 Pin=P1-2
Added Pin To Net: NetName=+5V Pin=P10-1
Added Pin To Net: NetName=GND_MOTOR Pin=P10-2
Added Pin To Net: NetName=PWM_Servo Pin=P10-3
Added Pin To Net: NetName=GND_MOTOR Pin=U2-1
Added Pin To Net: NetName=GND_MOTOR Pin=U2-1
Added Pin To Net: NetName=+12 Pin=U2-2
Added Pin To Net: NetName=+12 Pin=U2-2
Added Pin To Net: NetName=GND_MOTOR Pin=U2-3
Added Pin To Net: NetName=GND_MOTOR Pin=U2-3
Added Pin To Net: NetName=+5V Pin=U2-4
Added Pin To Net: NetName=+5V Pin=U2-4
Change Net Name : Old Net Name=NetJ3_4 New Net Name=NetJ2_4
Added Member To Class: ClassName=kamal_schematic Member=Component P3 61300311121
Added Member To Class: ClassName=kamal_schematic Member=Component P9 691321300004
Added Member To Class: ClassName=kamal_schematic Member=Component P10 691321300003
Added Member To Class: ClassName=kamal_schematic Member=Component U11 6N137-8-DIP
